<?xml version="1.0" encoding="UTF-8"?>
<coverage generated="1591801979410" clover="3.2.0">
  <project timestamp="1591801979410" name="All files">
    <metrics statements="30" coveredstatements="28" conditionals="14" coveredconditionals="13" methods="5" coveredmethods="3" elements="49" coveredelements="44" complexity="0" loc="30" ncloc="30" packages="1" files="2" classes="2"/>
    <file name="getTwoFilesDifference.js" path="/mnt/c/Users/МАКСИМ/Hexlet-Learning/GIT/hexletProjects/frontend-project-lvl2/src/getTwoFilesDifference.js">
      <metrics statements="30" coveredstatements="28" conditionals="14" coveredconditionals="13" methods="5" coveredmethods="3"/>
      <line num="6" count="1" type="stmt"/>
      <line num="7" count="2" type="stmt"/>
      <line num="8" count="2" type="stmt"/>
      <line num="9" count="2" type="stmt"/>
      <line num="10" count="2" type="stmt"/>
      <line num="12" count="2" type="cond" truecount="1" falsecount="0"/>
      <line num="13" count="10" type="cond" truecount="2" falsecount="0"/>
      <line num="14" count="2" type="stmt"/>
      <line num="17" count="8" type="stmt"/>
      <line num="19" count="8" type="cond" truecount="2" falsecount="0"/>
      <line num="20" count="6" type="cond" truecount="2" falsecount="0"/>
      <line num="21" count="2" type="stmt"/>
      <line num="22" count="2" type="stmt"/>
      <line num="25" count="4" type="cond" truecount="1" falsecount="1"/>
      <line num="26" count="4" type="stmt"/>
      <line num="27" count="4" type="stmt"/>
      <line num="28" count="4" type="stmt"/>
      <line num="32" count="2" type="stmt"/>
      <line num="33" count="2" type="stmt"/>
      <line num="36" count="2" type="cond" truecount="1" falsecount="0"/>
      <line num="37" count="11" type="cond" truecount="2" falsecount="0"/>
      <line num="38" count="2" type="stmt"/>
      <line num="39" count="2" type="stmt"/>
      <line num="42" count="9" type="stmt"/>
      <line num="44" count="9" type="cond" truecount="2" falsecount="0"/>
      <line num="46" count="9" type="stmt"/>
      <line num="49" count="2" type="stmt"/>
      <line num="52" count="1" type="stmt"/>
      <line num="53" count="0" type="stmt"/>
      <line num="59" count="0" type="stmt"/>
    </file>
    <file name="index.js" path="/mnt/c/Users/МАКСИМ/Hexlet-Learning/GIT/hexletProjects/frontend-project-lvl2/src/index.js">
      <metrics statements="0" coveredstatements="0" conditionals="0" coveredconditionals="0" methods="0" coveredmethods="0"/>
    </file>
  </project>
</coverage>
