TN:
SF:src/getTwoFilesDifference.js
FN:6,(anonymous_0)
FN:12,(anonymous_1)
FN:36,(anonymous_2)
FN:52,(anonymous_3)
FN:58,(anonymous_4)
FNF:5
FNH:3
FNDA:2,(anonymous_0)
FNDA:10,(anonymous_1)
FNDA:11,(anonymous_2)
FNDA:0,(anonymous_3)
FNDA:0,(anonymous_4)
DA:6,1
DA:7,2
DA:8,2
DA:9,2
DA:10,2
DA:12,2
DA:13,10
DA:14,2
DA:17,8
DA:19,8
DA:20,6
DA:21,2
DA:22,2
DA:25,4
DA:26,4
DA:27,4
DA:28,4
DA:32,2
DA:33,2
DA:36,2
DA:37,11
DA:38,2
DA:39,2
DA:42,9
DA:44,9
DA:46,9
DA:49,2
DA:52,1
DA:53,0
DA:59,0
LF:30
LH:28
BRDA:12,0,0,2
BRDA:13,1,0,2
BRDA:13,1,1,8
BRDA:19,2,0,6
BRDA:19,2,1,2
BRDA:20,3,0,2
BRDA:20,3,1,4
BRDA:25,4,0,4
BRDA:25,4,1,0
BRDA:36,5,0,2
BRDA:37,6,0,2
BRDA:37,6,1,9
BRDA:44,7,0,6
BRDA:44,7,1,3
BRF:14
BRH:13
end_of_record
TN:
SF:src/index.js
FNF:0
FNH:0
LF:0
LH:0
BRF:0
BRH:0
end_of_record
